TN:
SF:src/config.ts
FNF:0
FNH:0
DA:1,3
DA:3,3
LF:2
LH:2
BRF:0
BRH:0
end_of_record
TN:
SF:src/helpers.ts
FN:4,(anonymous_0)
FN:8,(anonymous_1)
FN:12,(anonymous_2)
FN:24,(anonymous_3)
FNF:4
FNH:4
FNDA:12,(anonymous_0)
FNDA:5,(anonymous_1)
FNDA:13,(anonymous_2)
FNDA:21,(anonymous_3)
DA:1,3
DA:4,3
DA:5,12
DA:8,3
DA:9,5
DA:12,13
DA:13,13
DA:14,2
DA:17,11
DA:18,5
DA:21,6
DA:24,3
DA:25,21
LF:13
LH:13
BRDA:13,0,0,2
BRDA:13,1,0,13
BRDA:13,1,1,12
BRDA:17,2,0,5
BRDA:17,3,0,11
BRDA:17,3,1,5
BRF:6
BRH:6
end_of_record
TN:
SF:src/services/public-holidays.service.ts
FN:8,(anonymous_14)
FN:8,(anonymous_15)
FN:15,(anonymous_17)
FN:21,(anonymous_18)
FN:21,(anonymous_19)
FN:32,(anonymous_21)
FN:32,(anonymous_22)
FN:39,(anonymous_24)
FNF:8
FNH:7
FNDA:5,(anonymous_14)
FNDA:5,(anonymous_15)
FNDA:0,(anonymous_17)
FNDA:3,(anonymous_18)
FNDA:3,(anonymous_19)
FNDA:3,(anonymous_21)
FNDA:3,(anonymous_22)
FNDA:20,(anonymous_24)
DA:1,2
DA:2,2
DA:3,2
DA:8,5
DA:9,5
DA:12,0
DA:15,0
DA:17,0
DA:21,3
DA:22,3
DA:25,3
DA:26,2
DA:28,1
DA:32,3
DA:33,3
DA:36,3
DA:39,20
DA:41,1
LF:18
LH:15
BRF:0
BRH:0
end_of_record
